[debug] [2024-11-30T15:19:02.584Z] ----------------------------------------------------------------------
[debug] [2024-11-30T15:19:02.589Z] Command:       F:\Softwares\React&Angular\NodeJS\node.exe C:\Users\saiganesh\AppData\Roaming\npm\node_modules\firebase-tools\lib\bin\firebase.js init
[debug] [2024-11-30T15:19:02.589Z] CLI Version:   13.27.0
[debug] [2024-11-30T15:19:02.589Z] Platform:      win32
[debug] [2024-11-30T15:19:02.590Z] Node Version:  v22.11.0
[debug] [2024-11-30T15:19:02.590Z] Time:          Sat Nov 30 2024 20:49:02 GMT+0530 (India Standard Time)
[debug] [2024-11-30T15:19:02.590Z] ----------------------------------------------------------------------
[debug] 
[debug] [2024-11-30T15:19:02.603Z] > command requires scopes: ["email","openid","https://www.googleapis.com/auth/cloudplatformprojects.readonly","https://www.googleapis.com/auth/firebase","https://www.googleapis.com/auth/cloud-platform"]
[debug] [2024-11-30T15:19:02.604Z] > authorizing via signed-in user (mca.saiganesh@gmail.com)
[info] 
     ######## #### ########  ######## ########     ###     ######  ########
     ##        ##  ##     ## ##       ##     ##  ##   ##  ##       ##
     ######    ##  ########  ######   ########  #########  ######  ######
     ##        ##  ##    ##  ##       ##     ## ##     ##       ## ##
     ##       #### ##     ## ######## ########  ##     ##  ######  ########

You're about to initialize a Firebase project in this directory:

  F:\Projects\blogs\skyblog\react-ui

[info] 
=== Project Setup
[info] 
[info] First, let's associate this project directory with a Firebase project.
[info] You can create multiple project aliases by running firebase use --add, 
[info] but for now we'll just set up a default project.
[info] 
[debug] [2024-11-30T15:19:20.723Z] Checked if tokens are valid: false, expires at: 1731528984079
[debug] [2024-11-30T15:19:20.723Z] Checked if tokens are valid: false, expires at: 1731528984079
[debug] [2024-11-30T15:19:20.723Z] > refreshing access token with scopes: []
[debug] [2024-11-30T15:19:20.726Z] >>> [apiv2][query] POST https://www.googleapis.com/oauth2/v3/token [none]
[debug] [2024-11-30T15:19:20.726Z] >>> [apiv2][body] POST https://www.googleapis.com/oauth2/v3/token [omitted]
[debug] [2024-11-30T15:19:21.033Z] <<< [apiv2][status] POST https://www.googleapis.com/oauth2/v3/token 200
[debug] [2024-11-30T15:19:21.033Z] <<< [apiv2][body] POST https://www.googleapis.com/oauth2/v3/token [omitted]
[debug] [2024-11-30T15:19:21.081Z] >>> [apiv2][query] GET https://firebase.googleapis.com/v1beta1/projects pageSize=100
[debug] [2024-11-30T15:19:21.946Z] <<< [apiv2][status] GET https://firebase.googleapis.com/v1beta1/projects 200
[debug] [2024-11-30T15:19:21.946Z] <<< [apiv2][body] GET https://firebase.googleapis.com/v1beta1/projects [omitted]
